Performing C SOURCE FILE Test CMAKE_HAVE_LIBC_PTHREAD failed with the following output:
Change Dir: /home/izza/Documents/slam_ws/build/CMakeFiles/CMakeTmp

Run Build Command(s):/usr/bin/make cmTC_6b74b/fast && /usr/bin/make -f CMakeFiles/cmTC_6b74b.dir/build.make CMakeFiles/cmTC_6b74b.dir/build
make[1]: Entering directory '/home/izza/Documents/slam_ws/build/CMakeFiles/CMakeTmp'
Building C object CMakeFiles/cmTC_6b74b.dir/src.c.o
/usr/bin/cc   -DCMAKE_HAVE_LIBC_PTHREAD   -o CMakeFiles/cmTC_6b74b.dir/src.c.o   -c /home/izza/Documents/slam_ws/build/CMakeFiles/CMakeTmp/src.c
Linking C executable cmTC_6b74b
/usr/bin/cmake -E cmake_link_script CMakeFiles/cmTC_6b74b.dir/link.txt --verbose=1
/usr/bin/cc  -DCMAKE_HAVE_LIBC_PTHREAD    -rdynamic CMakeFiles/cmTC_6b74b.dir/src.c.o  -o cmTC_6b74b 
/usr/bin/ld: CMakeFiles/cmTC_6b74b.dir/src.c.o: in function `main':
src.c:(.text+0x46): undefined reference to `pthread_create'
/usr/bin/ld: src.c:(.text+0x52): undefined reference to `pthread_detach'
/usr/bin/ld: src.c:(.text+0x63): undefined reference to `pthread_join'
collect2: error: ld returned 1 exit status
make[1]: *** [CMakeFiles/cmTC_6b74b.dir/build.make:87: cmTC_6b74b] Error 1
make[1]: Leaving directory '/home/izza/Documents/slam_ws/build/CMakeFiles/CMakeTmp'
make: *** [Makefile:121: cmTC_6b74b/fast] Error 2


Source file was:
#include <pthread.h>

void* test_func(void* data)
{
  return data;
}

int main(void)
{
  pthread_t thread;
  pthread_create(&thread, NULL, test_func, NULL);
  pthread_detach(thread);
  pthread_join(thread, NULL);
  pthread_atfork(NULL, NULL, NULL);
  pthread_exit(NULL);

  return 0;
}

Determining if the function pthread_create exists in the pthreads failed with the following output:
Change Dir: /home/izza/Documents/slam_ws/build/CMakeFiles/CMakeTmp

Run Build Command(s):/usr/bin/make cmTC_2ef7c/fast && /usr/bin/make -f CMakeFiles/cmTC_2ef7c.dir/build.make CMakeFiles/cmTC_2ef7c.dir/build
make[1]: Entering directory '/home/izza/Documents/slam_ws/build/CMakeFiles/CMakeTmp'
Building C object CMakeFiles/cmTC_2ef7c.dir/CheckFunctionExists.c.o
/usr/bin/cc   -DCHECK_FUNCTION_EXISTS=pthread_create   -o CMakeFiles/cmTC_2ef7c.dir/CheckFunctionExists.c.o   -c /usr/share/cmake-3.16/Modules/CheckFunctionExists.c
Linking C executable cmTC_2ef7c
/usr/bin/cmake -E cmake_link_script CMakeFiles/cmTC_2ef7c.dir/link.txt --verbose=1
/usr/bin/cc  -DCHECK_FUNCTION_EXISTS=pthread_create    -rdynamic CMakeFiles/cmTC_2ef7c.dir/CheckFunctionExists.c.o  -o cmTC_2ef7c  -lpthreads 
/usr/bin/ld: cannot find -lpthreads
collect2: error: ld returned 1 exit status
make[1]: *** [CMakeFiles/cmTC_2ef7c.dir/build.make:87: cmTC_2ef7c] Error 1
make[1]: Leaving directory '/home/izza/Documents/slam_ws/build/CMakeFiles/CMakeTmp'
make: *** [Makefile:121: cmTC_2ef7c/fast] Error 2



Determining if the function sgemm_ exists failed with the following output:
Change Dir: /home/izza/Documents/slam_ws/build/CMakeFiles/CMakeTmp

Run Build Command(s):/usr/bin/make cmTC_889de/fast && /usr/bin/make -f CMakeFiles/cmTC_889de.dir/build.make CMakeFiles/cmTC_889de.dir/build
make[1]: Entering directory '/home/izza/Documents/slam_ws/build/CMakeFiles/CMakeTmp'
Building C object CMakeFiles/cmTC_889de.dir/CheckFunctionExists.c.o
/usr/bin/cc   -DCHECK_FUNCTION_EXISTS=sgemm_   -o CMakeFiles/cmTC_889de.dir/CheckFunctionExists.c.o   -c /usr/share/cmake-3.16/Modules/CheckFunctionExists.c
Linking C executable cmTC_889de
/usr/bin/cmake -E cmake_link_script CMakeFiles/cmTC_889de.dir/link.txt --verbose=1
/usr/bin/cc  -DCHECK_FUNCTION_EXISTS=sgemm_    CMakeFiles/cmTC_889de.dir/CheckFunctionExists.c.o  -o cmTC_889de 
/usr/bin/ld: CMakeFiles/cmTC_889de.dir/CheckFunctionExists.c.o: in function `main':
CheckFunctionExists.c:(.text+0x14): undefined reference to `sgemm_'
collect2: error: ld returned 1 exit status
make[1]: *** [CMakeFiles/cmTC_889de.dir/build.make:87: cmTC_889de] Error 1
make[1]: Leaving directory '/home/izza/Documents/slam_ws/build/CMakeFiles/CMakeTmp'
make: *** [Makefile:121: cmTC_889de/fast] Error 2



Determining if the function cheev_ exists failed with the following output:
Change Dir: /home/izza/Documents/slam_ws/build/CMakeFiles/CMakeTmp

Run Build Command(s):/usr/bin/make cmTC_cfc51/fast && /usr/bin/make -f CMakeFiles/cmTC_cfc51.dir/build.make CMakeFiles/cmTC_cfc51.dir/build
make[1]: Entering directory '/home/izza/Documents/slam_ws/build/CMakeFiles/CMakeTmp'
Building C object CMakeFiles/cmTC_cfc51.dir/CheckFunctionExists.c.o
/usr/bin/cc   -DCHECK_FUNCTION_EXISTS=cheev_   -o CMakeFiles/cmTC_cfc51.dir/CheckFunctionExists.c.o   -c /usr/share/cmake-3.16/Modules/CheckFunctionExists.c
Linking C executable cmTC_cfc51
/usr/bin/cmake -E cmake_link_script CMakeFiles/cmTC_cfc51.dir/link.txt --verbose=1
/usr/bin/cc  -DCHECK_FUNCTION_EXISTS=cheev_    CMakeFiles/cmTC_cfc51.dir/CheckFunctionExists.c.o  -o cmTC_cfc51  /usr/lib/x86_64-linux-gnu/libblas.so 
/usr/bin/ld: CMakeFiles/cmTC_cfc51.dir/CheckFunctionExists.c.o: in function `main':
CheckFunctionExists.c:(.text+0x14): undefined reference to `cheev_'
collect2: error: ld returned 1 exit status
make[1]: *** [CMakeFiles/cmTC_cfc51.dir/build.make:88: cmTC_cfc51] Error 1
make[1]: Leaving directory '/home/izza/Documents/slam_ws/build/CMakeFiles/CMakeTmp'
make: *** [Makefile:121: cmTC_cfc51/fast] Error 2



